<?xml version="1.0" encoding="UTF-8"?>
<testng-results skipped="0" failed="0" ignored="0" total="1" passed="1">
  <reporter-output>
  </reporter-output>
  <suite name="Default suite" duration-ms="17104" started-at="2019-01-19T23:05:27Z" finished-at="2019-01-19T23:05:44Z">
    <groups>
    </groups>
    <test name="Default test" duration-ms="17104" started-at="2019-01-19T23:05:27Z" finished-at="2019-01-19T23:05:44Z">
      <class name="workingWithElements.FileUploadUsingRobot">
        <test-method status="PASS" signature="setUp()[pri:0, instance:workingWithElements.FileUploadUsingRobot@14acaea5]" name="setUp" is-config="true" duration-ms="8191" started-at="2019-01-19T23:05:27Z" finished-at="2019-01-19T23:05:35Z">
          <reporter-output>
          </reporter-output>
        </test-method> <!-- setUp -->
        <test-method status="PASS" signature="uploadFilesWithRobot()[pri:0, instance:workingWithElements.FileUploadUsingRobot@14acaea5]" name="uploadFilesWithRobot" duration-ms="8096" started-at="2019-01-19T23:05:35Z" finished-at="2019-01-19T23:05:43Z">
          <reporter-output>
          </reporter-output>
        </test-method> <!-- uploadFilesWithRobot -->
        <test-method status="PASS" signature="tearDown()[pri:0, instance:workingWithElements.FileUploadUsingRobot@14acaea5]" name="tearDown" is-config="true" duration-ms="783" started-at="2019-01-19T23:05:43Z" finished-at="2019-01-19T23:05:44Z">
          <reporter-output>
          </reporter-output>
        </test-method> <!-- tearDown -->
      </class> <!-- workingWithElements.FileUploadUsingRobot -->
    </test> <!-- Default test -->
  </suite> <!-- Default suite -->
</testng-results>
