<?xml version="1.0" encoding="UTF-8"?>
<testng-results skipped="0" failed="0" ignored="0" total="1" passed="1">
  <reporter-output>
  </reporter-output>
  <suite name="Default suite" duration-ms="25610" started-at="2019-02-19T20:14:33Z" finished-at="2019-02-19T20:14:59Z">
    <groups>
    </groups>
    <test name="Default test" duration-ms="25610" started-at="2019-02-19T20:14:33Z" finished-at="2019-02-19T20:14:59Z">
      <class name="workingWithElements.DownloadFileWithFireFox">
        <test-method status="PASS" signature="setUp()[pri:0, instance:workingWithElements.DownloadFileWithFireFox@6f7fd0e6]" name="setUp" is-config="true" duration-ms="15545" started-at="2019-02-19T20:14:33Z" finished-at="2019-02-19T20:14:49Z">
          <reporter-output>
          </reporter-output>
        </test-method> <!-- setUp -->
        <test-method status="PASS" signature="testDownloadFireFox()[pri:0, instance:workingWithElements.DownloadFileWithFireFox@6f7fd0e6]" name="testDownloadFireFox" duration-ms="8381" started-at="2019-02-19T20:14:49Z" finished-at="2019-02-19T20:14:57Z">
          <reporter-output>
          </reporter-output>
        </test-method> <!-- testDownloadFireFox -->
        <test-method status="PASS" signature="tearDown()[pri:0, instance:workingWithElements.DownloadFileWithFireFox@6f7fd0e6]" name="tearDown" is-config="true" duration-ms="1651" started-at="2019-02-19T20:14:57Z" finished-at="2019-02-19T20:14:59Z">
          <reporter-output>
          </reporter-output>
        </test-method> <!-- tearDown -->
      </class> <!-- workingWithElements.DownloadFileWithFireFox -->
    </test> <!-- Default test -->
  </suite> <!-- Default suite -->
</testng-results>
